# JRE version: OpenJDK Runtime Environment Temurin-17.0.11+9 (17.0.11+9) (build 17.0.11+9)
# Java VM: OpenJDK 64-Bit Server VM Temurin-17.0.11+9 (17.0.11+9, mixed mode, sharing, tiered, compressed oops, compressed class ptrs, g1 gc, windows-amd64)
GC Precious Log:
 CPUs: 20 total, 20 available
 Memory: 32315M
 Large Page Support: Disabled
 NUMA Support: Disabled
 Compressed Oops: Enabled (32-bit)
 Heap Region Size: 1M
 Heap Min Capacity: 8M
 Heap Initial Capacity: 506M
 Heap Max Capacity: 1G
 Pre-touch: Disabled
 Parallel Workers: 15
 Concurrent Workers: 4
 Concurrent Refinement Workers: 15
 Periodic GC: Disabled
Heap:
 garbage-first heap   total 30720K, used 5680K [0x00000000c0000000, 0x0000000100000000)
  region size 1024K, 1 young (1024K), 0 survivors (0K)
 Metaspace       used 2459K, committed 2624K, reserved 1114112K
  class space    used 204K, committed 256K, reserved 1048576K
GC Heap History (12 events):
Event: 0.143 GC heap before
{Heap before GC invocations=0 (full 0):
 garbage-first heap   total 518144K, used 5120K [0x00000000c0000000, 0x0000000100000000)
  region size 1024K, 6 young (6144K), 0 survivors (0K)
 Metaspace       used 1616K, committed 1728K, reserved 1114112K
  class space    used 146K, committed 192K, reserved 1048576K
}
Event: 0.146 GC heap after
{Heap after GC invocations=1 (full 1):
 garbage-first heap   total 20480K, used 1618K [0x00000000c0000000, 0x0000000100000000)
  region size 1024K, 0 young (0K), 0 survivors (0K)
 Metaspace       used 1616K, committed 1728K, reserved 1114112K
  class space    used 146K, committed 192K, reserved 1048576K
}
Event: 0.237 GC heap before
{Heap before GC invocations=1 (full 1):
 garbage-first heap   total 20480K, used 6738K [0x00000000c0000000, 0x0000000100000000)
  region size 1024K, 5 young (5120K), 0 survivors (0K)
 Metaspace       used 2325K, committed 2496K, reserved 1114112K
  class space    used 197K, committed 256K, reserved 1048576K
}
Event: 0.238 GC heap after
{Heap after GC invocations=2 (full 1):
 garbage-first heap   total 20480K, used 2642K [0x00000000c0000000, 0x0000000100000000)
  region size 1024K, 1 young (1024K), 1 survivors (1024K)
 Metaspace       used 2325K, committed 2496K, reserved 1114112K
  class space    used 197K, committed 256K, reserved 1048576K
}
Event: 0.249 GC heap before
{Heap before GC invocations=2 (full 1):
 garbage-first heap   total 20480K, used 7762K [0x00000000c0000000, 0x0000000100000000)
  region size 1024K, 6 young (6144K), 1 survivors (1024K)
 Metaspace       used 2346K, committed 2496K, reserved 1114112K
  class space    used 197K, committed 256K, reserved 1048576K
}
Event: 0.250 GC heap after
{Heap after GC invocations=3 (full 1):
 garbage-first heap   total 20480K, used 3151K [0x00000000c0000000, 0x0000000100000000)
  region size 1024K, 1 young (1024K), 1 survivors (1024K)
 Metaspace       used 2346K, committed 2496K, reserved 1114112K
  class space    used 197K, committed 256K, reserved 1048576K
}
Event: 0.259 GC heap before
{Heap before GC invocations=3 (full 1):
 garbage-first heap   total 20480K, used 9295K [0x00000000c0000000, 0x0000000100000000)
  region size 1024K, 7 young (7168K), 1 survivors (1024K)
 Metaspace       used 2364K, committed 2560K, reserved 1114112K
  class space    used 197K, committed 256K, reserved 1048576K
}
Event: 0.260 GC heap after
{Heap after GC invocations=4 (full 1):
 garbage-first heap   total 20480K, used 3914K [0x00000000c0000000, 0x0000000100000000)
  region size 1024K, 1 young (1024K), 1 survivors (1024K)
 Metaspace       used 2364K, committed 2560K, reserved 1114112K
  class space    used 197K, committed 256K, reserved 1048576K
}
Event: 0.267 GC heap before
{Heap before GC invocations=4 (full 1):
 garbage-first heap   total 20480K, used 9034K [0x00000000c0000000, 0x0000000100000000)
  region size 1024K, 6 young (6144K), 1 survivors (1024K)
 Metaspace       used 2366K, committed 2560K, reserved 1114112K
  class space    used 197K, committed 256K, reserved 1048576K
}
Event: 0.269 GC heap after
{Heap after GC invocations=5 (full 1):
 garbage-first heap   total 269312K, used 4667K [0x00000000c0000000, 0x0000000100000000)
  region size 1024K, 1 young (1024K), 1 survivors (1024K)
 Metaspace       used 2366K, committed 2560K, reserved 1114112K
  class space    used 197K, committed 256K, reserved 1048576K
}
Event: 0.367 GC heap before
{Heap before GC invocations=5 (full 1):
 garbage-first heap   total 269312K, used 14907K [0x00000000c0000000, 0x0000000100000000)
  region size 1024K, 12 young (12288K), 1 survivors (1024K)
 Metaspace       used 2453K, committed 2624K, reserved 1114112K
  class space    used 202K, committed 256K, reserved 1048576K
}
Event: 0.374 GC heap after
{Heap after GC invocations=6 (full 2):
 garbage-first heap   total 30720K, used 5680K [0x00000000c0000000, 0x0000000100000000)
  region size 1024K, 0 young (0K), 0 survivors (0K)
 Metaspace       used 2453K, committed 2624K, reserved 1114112K
  class space    used 202K, committed 256K, reserved 1048576K
}

