# JRE version: OpenJDK Runtime Environment Temurin-17.0.11+9 (17.0.11+9) (build 17.0.11+9)
# Java VM: OpenJDK 64-Bit Server VM Temurin-17.0.11+9 (17.0.11+9, mixed mode, sharing, tiered, compressed oops, compressed class ptrs, g1 gc, windows-amd64)
GC Precious Log:
 CPUs: 20 total, 20 available
 Memory: 32315M
 Large Page Support: Disabled
 NUMA Support: Disabled
 Compressed Oops: Enabled (32-bit)
 Heap Region Size: 1M
 Heap Min Capacity: 8M
 Heap Initial Capacity: 506M
 Heap Max Capacity: 1G
 Pre-touch: Disabled
 Parallel Workers: 15
 Concurrent Workers: 4
 Concurrent Refinement Workers: 15
 Periodic GC: Disabled
Heap:
 garbage-first heap   total 270336K, used 80154K [0x00000000c0000000, 0x0000000100000000)
  region size 1024K, 2 young (2048K), 0 survivors (0K)
 Metaspace       used 9996K, committed 10176K, reserved 1114112K
  class space    used 1503K, committed 1600K, reserved 1048576K
GC Heap History (20 events):
Event: 381.551 GC heap before
{Heap before GC invocations=50 (full 25):
 garbage-first heap   total 270336K, used 79121K [0x00000000c0000000, 0x0000000100000000)
  region size 1024K, 1 young (1024K), 0 survivors (0K)
 Metaspace       used 9834K, committed 10048K, reserved 1114112K
  class space    used 1484K, committed 1600K, reserved 1048576K
}
Event: 381.582 GC heap after
{Heap after GC invocations=51 (full 26):
 garbage-first heap   total 270336K, used 79121K [0x00000000c0000000, 0x0000000100000000)
  region size 1024K, 0 young (0K), 0 survivors (0K)
 Metaspace       used 9834K, committed 10048K, reserved 1114112K
  class space    used 1484K, committed 1600K, reserved 1048576K
}
Event: 381.700 GC heap before
{Heap before GC invocations=51 (full 26):
 garbage-first heap   total 270336K, used 79121K [0x00000000c0000000, 0x0000000100000000)
  region size 1024K, 1 young (1024K), 0 survivors (0K)
 Metaspace       used 9834K, committed 10048K, reserved 1114112K
  class space    used 1484K, committed 1600K, reserved 1048576K
}
Event: 381.730 GC heap after
{Heap after GC invocations=52 (full 27):
 garbage-first heap   total 270336K, used 79121K [0x00000000c0000000, 0x0000000100000000)
  region size 1024K, 0 young (0K), 0 survivors (0K)
 Metaspace       used 9834K, committed 10048K, reserved 1114112K
  class space    used 1484K, committed 1600K, reserved 1048576K
}
Event: 381.787 GC heap before
{Heap before GC invocations=52 (full 27):
 garbage-first heap   total 270336K, used 79121K [0x00000000c0000000, 0x0000000100000000)
  region size 1024K, 1 young (1024K), 0 survivors (0K)
 Metaspace       used 9834K, committed 10048K, reserved 1114112K
  class space    used 1484K, committed 1600K, reserved 1048576K
}
Event: 381.816 GC heap after
{Heap after GC invocations=53 (full 28):
 garbage-first heap   total 270336K, used 79121K [0x00000000c0000000, 0x0000000100000000)
  region size 1024K, 0 young (0K), 0 survivors (0K)
 Metaspace       used 9834K, committed 10048K, reserved 1114112K
  class space    used 1484K, committed 1600K, reserved 1048576K
}
Event: 381.864 GC heap before
{Heap before GC invocations=53 (full 28):
 garbage-first heap   total 270336K, used 79121K [0x00000000c0000000, 0x0000000100000000)
  region size 1024K, 1 young (1024K), 0 survivors (0K)
 Metaspace       used 9834K, committed 10048K, reserved 1114112K
  class space    used 1484K, committed 1600K, reserved 1048576K
}
Event: 381.889 GC heap after
{Heap after GC invocations=54 (full 29):
 garbage-first heap   total 270336K, used 79121K [0x00000000c0000000, 0x0000000100000000)
  region size 1024K, 0 young (0K), 0 survivors (0K)
 Metaspace       used 9834K, committed 10048K, reserved 1114112K
  class space    used 1484K, committed 1600K, reserved 1048576K
}
Event: 381.891 GC heap before
{Heap before GC invocations=54 (full 29):
 garbage-first heap   total 270336K, used 79121K [0x00000000c0000000, 0x0000000100000000)
  region size 1024K, 1 young (1024K), 0 survivors (0K)
 Metaspace       used 9834K, committed 10048K, reserved 1114112K
  class space    used 1484K, committed 1600K, reserved 1048576K
}
Event: 381.918 GC heap after
{Heap after GC invocations=55 (full 30):
 garbage-first heap   total 270336K, used 79121K [0x00000000c0000000, 0x0000000100000000)
  region size 1024K, 0 young (0K), 0 survivors (0K)
 Metaspace       used 9834K, committed 10048K, reserved 1114112K
  class space    used 1484K, committed 1600K, reserved 1048576K
}
Event: 763.845 GC heap before
{Heap before GC invocations=55 (full 30):
 garbage-first heap   total 270336K, used 80145K [0x00000000c0000000, 0x0000000100000000)
  region size 1024K, 2 young (2048K), 0 survivors (0K)
 Metaspace       used 9941K, committed 10176K, reserved 1114112K
  class space    used 1502K, committed 1600K, reserved 1048576K
}
Event: 763.877 GC heap after
{Heap after GC invocations=56 (full 31):
 garbage-first heap   total 270336K, used 79127K [0x00000000c0000000, 0x0000000100000000)
  region size 1024K, 0 young (0K), 0 survivors (0K)
 Metaspace       used 9941K, committed 10176K, reserved 1114112K
  class space    used 1502K, committed 1600K, reserved 1048576K
}
Event: 847.185 GC heap before
{Heap before GC invocations=56 (full 31):
 garbage-first heap   total 270336K, used 80151K [0x00000000c0000000, 0x0000000100000000)
  region size 1024K, 2 young (2048K), 0 survivors (0K)
 Metaspace       used 9989K, committed 10176K, reserved 1114112K
  class space    used 1502K, committed 1600K, reserved 1048576K
}
Event: 847.214 GC heap after
{Heap after GC invocations=57 (full 32):
 garbage-first heap   total 270336K, used 79130K [0x00000000c0000000, 0x0000000100000000)
  region size 1024K, 0 young (0K), 0 survivors (0K)
 Metaspace       used 9989K, committed 10176K, reserved 1114112K
  class space    used 1502K, committed 1600K, reserved 1048576K
}
Event: 847.278 GC heap before
{Heap before GC invocations=57 (full 32):
 garbage-first heap   total 270336K, used 79130K [0x00000000c0000000, 0x0000000100000000)
  region size 1024K, 1 young (1024K), 0 survivors (0K)
 Metaspace       used 9989K, committed 10176K, reserved 1114112K
  class space    used 1502K, committed 1600K, reserved 1048576K
}
Event: 847.307 GC heap after
{Heap after GC invocations=58 (full 33):
 garbage-first heap   total 270336K, used 79130K [0x00000000c0000000, 0x0000000100000000)
  region size 1024K, 0 young (0K), 0 survivors (0K)
 Metaspace       used 9989K, committed 10176K, reserved 1114112K
  class space    used 1502K, committed 1600K, reserved 1048576K
}
Event: 847.352 GC heap before
{Heap before GC invocations=58 (full 33):
 garbage-first heap   total 270336K, used 79130K [0x00000000c0000000, 0x0000000100000000)
  region size 1024K, 1 young (1024K), 0 survivors (0K)
 Metaspace       used 9989K, committed 10176K, reserved 1114112K
  class space    used 1502K, committed 1600K, reserved 1048576K
}
Event: 847.379 GC heap after
{Heap after GC invocations=59 (full 34):
 garbage-first heap   total 270336K, used 79130K [0x00000000c0000000, 0x0000000100000000)
  region size 1024K, 0 young (0K), 0 survivors (0K)
 Metaspace       used 9989K, committed 10176K, reserved 1114112K
  class space    used 1502K, committed 1600K, reserved 1048576K
}
Event: 847.381 GC heap before
{Heap before GC invocations=59 (full 34):
 garbage-first heap   total 270336K, used 79130K [0x00000000c0000000, 0x0000000100000000)
  region size 1024K, 1 young (1024K), 0 survivors (0K)
 Metaspace       used 9989K, committed 10176K, reserved 1114112K
  class space    used 1502K, committed 1600K, reserved 1048576K
}
Event: 847.407 GC heap after
{Heap after GC invocations=60 (full 35):
 garbage-first heap   total 270336K, used 79130K [0x00000000c0000000, 0x0000000100000000)
  region size 1024K, 0 young (0K), 0 survivors (0K)
 Metaspace       used 9989K, committed 10176K, reserved 1114112K
  class space    used 1502K, committed 1600K, reserved 1048576K
}

