# JRE version: OpenJDK Runtime Environment Temurin-17.0.11+9 (17.0.11+9) (build 17.0.11+9)
# Java VM: OpenJDK 64-Bit Server VM Temurin-17.0.11+9 (17.0.11+9, mixed mode, sharing, tiered, compressed oops, compressed class ptrs, g1 gc, windows-amd64)
GC Precious Log:
 CPUs: 20 total, 20 available
 Memory: 32315M
 Large Page Support: Disabled
 NUMA Support: Disabled
 Compressed Oops: Enabled (32-bit)
 Heap Region Size: 1M
 Heap Min Capacity: 8M
 Heap Initial Capacity: 506M
 Heap Max Capacity: 1G
 Pre-touch: Disabled
 Parallel Workers: 15
 Concurrent Workers: 4
 Concurrent Refinement Workers: 15
 Periodic GC: Disabled
Heap:
 garbage-first heap   total 273408K, used 80030K [0x00000000c0000000, 0x0000000100000000)
  region size 1024K, 2 young (2048K), 0 survivors (0K)
 Metaspace       used 9819K, committed 10048K, reserved 1114112K
  class space    used 1484K, committed 1600K, reserved 1048576K
GC Heap History (20 events):
Event: 128.904 GC heap before
{Heap before GC invocations=43 (full 14):
 garbage-first heap   total 273408K, used 79005K [0x00000000c0000000, 0x0000000100000000)
  region size 1024K, 0 young (0K), 0 survivors (0K)
 Metaspace       used 9756K, committed 9984K, reserved 1114112K
  class space    used 1483K, committed 1600K, reserved 1048576K
}
Event: 128.929 GC heap after
{Heap after GC invocations=44 (full 15):
 garbage-first heap   total 273408K, used 79005K [0x00000000c0000000, 0x0000000100000000)
  region size 1024K, 0 young (0K), 0 survivors (0K)
 Metaspace       used 9756K, committed 9984K, reserved 1114112K
  class space    used 1483K, committed 1600K, reserved 1048576K
}
Event: 129.124 GC heap before
{Heap before GC invocations=44 (full 15):
 garbage-first heap   total 273408K, used 79005K [0x00000000c0000000, 0x0000000100000000)
  region size 1024K, 1 young (1024K), 0 survivors (0K)
 Metaspace       used 9756K, committed 9984K, reserved 1114112K
  class space    used 1483K, committed 1600K, reserved 1048576K
}
Event: 129.152 GC heap after
{Heap after GC invocations=45 (full 16):
 garbage-first heap   total 273408K, used 79005K [0x00000000c0000000, 0x0000000100000000)
  region size 1024K, 0 young (0K), 0 survivors (0K)
 Metaspace       used 9756K, committed 9984K, reserved 1114112K
  class space    used 1483K, committed 1600K, reserved 1048576K
}
Event: 129.210 GC heap before
{Heap before GC invocations=45 (full 16):
 garbage-first heap   total 273408K, used 79005K [0x00000000c0000000, 0x0000000100000000)
  region size 1024K, 1 young (1024K), 0 survivors (0K)
 Metaspace       used 9756K, committed 9984K, reserved 1114112K
  class space    used 1483K, committed 1600K, reserved 1048576K
}
Event: 129.238 GC heap after
{Heap after GC invocations=46 (full 17):
 garbage-first heap   total 273408K, used 79005K [0x00000000c0000000, 0x0000000100000000)
  region size 1024K, 0 young (0K), 0 survivors (0K)
 Metaspace       used 9756K, committed 9984K, reserved 1114112K
  class space    used 1483K, committed 1600K, reserved 1048576K
}
Event: 129.239 GC heap before
{Heap before GC invocations=46 (full 17):
 garbage-first heap   total 273408K, used 79005K [0x00000000c0000000, 0x0000000100000000)
  region size 1024K, 1 young (1024K), 0 survivors (0K)
 Metaspace       used 9756K, committed 9984K, reserved 1114112K
  class space    used 1483K, committed 1600K, reserved 1048576K
}
Event: 129.266 GC heap after
{Heap after GC invocations=47 (full 18):
 garbage-first heap   total 273408K, used 79005K [0x00000000c0000000, 0x0000000100000000)
  region size 1024K, 0 young (0K), 0 survivors (0K)
 Metaspace       used 9756K, committed 9984K, reserved 1114112K
  class space    used 1483K, committed 1600K, reserved 1048576K
}
Event: 129.311 GC heap before
{Heap before GC invocations=47 (full 18):
 garbage-first heap   total 273408K, used 79005K [0x00000000c0000000, 0x0000000100000000)
  region size 1024K, 1 young (1024K), 0 survivors (0K)
 Metaspace       used 9756K, committed 9984K, reserved 1114112K
  class space    used 1483K, committed 1600K, reserved 1048576K
}
Event: 129.339 GC heap after
{Heap after GC invocations=48 (full 19):
 garbage-first heap   total 273408K, used 79005K [0x00000000c0000000, 0x0000000100000000)
  region size 1024K, 0 young (0K), 0 survivors (0K)
 Metaspace       used 9756K, committed 9984K, reserved 1114112K
  class space    used 1483K, committed 1600K, reserved 1048576K
}
Event: 129.510 GC heap before
{Heap before GC invocations=48 (full 19):
 garbage-first heap   total 273408K, used 79005K [0x00000000c0000000, 0x0000000100000000)
  region size 1024K, 1 young (1024K), 0 survivors (0K)
 Metaspace       used 9756K, committed 9984K, reserved 1114112K
  class space    used 1483K, committed 1600K, reserved 1048576K
}
Event: 129.537 GC heap after
{Heap after GC invocations=49 (full 20):
 garbage-first heap   total 273408K, used 79005K [0x00000000c0000000, 0x0000000100000000)
  region size 1024K, 0 young (0K), 0 survivors (0K)
 Metaspace       used 9756K, committed 9984K, reserved 1114112K
  class space    used 1483K, committed 1600K, reserved 1048576K
}
Event: 657.225 GC heap before
{Heap before GC invocations=49 (full 20):
 garbage-first heap   total 273408K, used 80029K [0x00000000c0000000, 0x0000000100000000)
  region size 1024K, 2 young (2048K), 0 survivors (0K)
 Metaspace       used 9796K, committed 10048K, reserved 1114112K
  class space    used 1483K, committed 1600K, reserved 1048576K
}
Event: 657.249 GC heap after
{Heap after GC invocations=50 (full 21):
 garbage-first heap   total 273408K, used 79006K [0x00000000c0000000, 0x0000000100000000)
  region size 1024K, 0 young (0K), 0 survivors (0K)
 Metaspace       used 9796K, committed 10048K, reserved 1114112K
  class space    used 1483K, committed 1600K, reserved 1048576K
}
Event: 657.294 GC heap before
{Heap before GC invocations=50 (full 21):
 garbage-first heap   total 273408K, used 79006K [0x00000000c0000000, 0x0000000100000000)
  region size 1024K, 1 young (1024K), 0 survivors (0K)
 Metaspace       used 9796K, committed 10048K, reserved 1114112K
  class space    used 1483K, committed 1600K, reserved 1048576K
}
Event: 657.317 GC heap after
{Heap after GC invocations=51 (full 22):
 garbage-first heap   total 273408K, used 79006K [0x00000000c0000000, 0x0000000100000000)
  region size 1024K, 0 young (0K), 0 survivors (0K)
 Metaspace       used 9796K, committed 10048K, reserved 1114112K
  class space    used 1483K, committed 1600K, reserved 1048576K
}
Event: 657.406 GC heap before
{Heap before GC invocations=51 (full 22):
 garbage-first heap   total 273408K, used 79006K [0x00000000c0000000, 0x0000000100000000)
  region size 1024K, 1 young (1024K), 0 survivors (0K)
 Metaspace       used 9796K, committed 10048K, reserved 1114112K
  class space    used 1483K, committed 1600K, reserved 1048576K
}
Event: 657.432 GC heap after
{Heap after GC invocations=52 (full 23):
 garbage-first heap   total 273408K, used 79006K [0x00000000c0000000, 0x0000000100000000)
  region size 1024K, 0 young (0K), 0 survivors (0K)
 Metaspace       used 9796K, committed 10048K, reserved 1114112K
  class space    used 1483K, committed 1600K, reserved 1048576K
}
Event: 657.435 GC heap before
{Heap before GC invocations=52 (full 23):
 garbage-first heap   total 273408K, used 79006K [0x00000000c0000000, 0x0000000100000000)
  region size 1024K, 1 young (1024K), 0 survivors (0K)
 Metaspace       used 9796K, committed 10048K, reserved 1114112K
  class space    used 1483K, committed 1600K, reserved 1048576K
}
Event: 657.462 GC heap after
{Heap after GC invocations=53 (full 24):
 garbage-first heap   total 273408K, used 79006K [0x00000000c0000000, 0x0000000100000000)
  region size 1024K, 0 young (0K), 0 survivors (0K)
 Metaspace       used 9796K, committed 10048K, reserved 1114112K
  class space    used 1483K, committed 1600K, reserved 1048576K
}

