# JRE version: OpenJDK Runtime Environment Temurin-17.0.11+9 (17.0.11+9) (build 17.0.11+9)
# Java VM: OpenJDK 64-Bit Server VM Temurin-17.0.11+9 (17.0.11+9, mixed mode, sharing, tiered, compressed oops, compressed class ptrs, g1 gc, windows-amd64)
GC Precious Log:
 CPUs: 20 total, 20 available
 Memory: 32315M
 Large Page Support: Disabled
 NUMA Support: Disabled
 Compressed Oops: Enabled (32-bit)
 Heap Region Size: 1M
 Heap Min Capacity: 8M
 Heap Initial Capacity: 506M
 Heap Max Capacity: 1G
 Pre-touch: Disabled
 Parallel Workers: 15
 Concurrent Workers: 4
 Concurrent Refinement Workers: 15
 Periodic GC: Disabled
Heap:
 garbage-first heap   total 270336K, used 79967K [0x00000000c0000000, 0x0000000100000000)
  region size 1024K, 2 young (2048K), 0 survivors (0K)
 Metaspace       used 9789K, committed 10048K, reserved 1114112K
  class space    used 1482K, committed 1600K, reserved 1048576K
GC Heap History (20 events):
Event: 93.135 GC heap before
{Heap before GC invocations=29 (full 13):
 garbage-first heap   total 270336K, used 78943K [0x00000000c0000000, 0x0000000100000000)
  region size 1024K, 1 young (1024K), 0 survivors (0K)
 Metaspace       used 9783K, committed 10048K, reserved 1114112K
  class space    used 1481K, committed 1600K, reserved 1048576K
}
Event: 93.159 GC heap after
{Heap after GC invocations=30 (full 14):
 garbage-first heap   total 270336K, used 78943K [0x00000000c0000000, 0x0000000100000000)
  region size 1024K, 0 young (0K), 0 survivors (0K)
 Metaspace       used 9783K, committed 10048K, reserved 1114112K
  class space    used 1481K, committed 1600K, reserved 1048576K
}
Event: 93.199 GC heap before
{Heap before GC invocations=30 (full 14):
 garbage-first heap   total 270336K, used 78943K [0x00000000c0000000, 0x0000000100000000)
  region size 1024K, 1 young (1024K), 0 survivors (0K)
 Metaspace       used 9783K, committed 10048K, reserved 1114112K
  class space    used 1481K, committed 1600K, reserved 1048576K
}
Event: 93.226 GC heap after
{Heap after GC invocations=31 (full 15):
 garbage-first heap   total 270336K, used 78943K [0x00000000c0000000, 0x0000000100000000)
  region size 1024K, 0 young (0K), 0 survivors (0K)
 Metaspace       used 9783K, committed 10048K, reserved 1114112K
  class space    used 1481K, committed 1600K, reserved 1048576K
}
Event: 93.271 GC heap before
{Heap before GC invocations=31 (full 15):
 garbage-first heap   total 270336K, used 78943K [0x00000000c0000000, 0x0000000100000000)
  region size 1024K, 1 young (1024K), 0 survivors (0K)
 Metaspace       used 9783K, committed 10048K, reserved 1114112K
  class space    used 1481K, committed 1600K, reserved 1048576K
}
Event: 93.297 GC heap after
{Heap after GC invocations=32 (full 16):
 garbage-first heap   total 270336K, used 78943K [0x00000000c0000000, 0x0000000100000000)
  region size 1024K, 0 young (0K), 0 survivors (0K)
 Metaspace       used 9783K, committed 10048K, reserved 1114112K
  class space    used 1481K, committed 1600K, reserved 1048576K
}
Event: 93.386 GC heap before
{Heap before GC invocations=32 (full 16):
 garbage-first heap   total 270336K, used 78943K [0x00000000c0000000, 0x0000000100000000)
  region size 1024K, 1 young (1024K), 0 survivors (0K)
 Metaspace       used 9783K, committed 10048K, reserved 1114112K
  class space    used 1481K, committed 1600K, reserved 1048576K
}
Event: 93.415 GC heap after
{Heap after GC invocations=33 (full 17):
 garbage-first heap   total 270336K, used 78943K [0x00000000c0000000, 0x0000000100000000)
  region size 1024K, 0 young (0K), 0 survivors (0K)
 Metaspace       used 9783K, committed 10048K, reserved 1114112K
  class space    used 1481K, committed 1600K, reserved 1048576K
}
Event: 93.461 GC heap before
{Heap before GC invocations=33 (full 17):
 garbage-first heap   total 270336K, used 78943K [0x00000000c0000000, 0x0000000100000000)
  region size 1024K, 1 young (1024K), 0 survivors (0K)
 Metaspace       used 9783K, committed 10048K, reserved 1114112K
  class space    used 1481K, committed 1600K, reserved 1048576K
}
Event: 93.484 GC heap after
{Heap after GC invocations=34 (full 18):
 garbage-first heap   total 270336K, used 78943K [0x00000000c0000000, 0x0000000100000000)
  region size 1024K, 0 young (0K), 0 survivors (0K)
 Metaspace       used 9783K, committed 10048K, reserved 1114112K
  class space    used 1481K, committed 1600K, reserved 1048576K
}
Event: 93.486 GC heap before
{Heap before GC invocations=34 (full 18):
 garbage-first heap   total 270336K, used 78943K [0x00000000c0000000, 0x0000000100000000)
  region size 1024K, 1 young (1024K), 0 survivors (0K)
 Metaspace       used 9783K, committed 10048K, reserved 1114112K
  class space    used 1481K, committed 1600K, reserved 1048576K
}
Event: 93.513 GC heap after
{Heap after GC invocations=35 (full 19):
 garbage-first heap   total 270336K, used 78943K [0x00000000c0000000, 0x0000000100000000)
  region size 1024K, 0 young (0K), 0 survivors (0K)
 Metaspace       used 9783K, committed 10048K, reserved 1114112K
  class space    used 1481K, committed 1600K, reserved 1048576K
}
Event: 93.634 GC heap before
{Heap before GC invocations=35 (full 19):
 garbage-first heap   total 270336K, used 78943K [0x00000000c0000000, 0x0000000100000000)
  region size 1024K, 1 young (1024K), 0 survivors (0K)
 Metaspace       used 9783K, committed 10048K, reserved 1114112K
  class space    used 1481K, committed 1600K, reserved 1048576K
}
Event: 93.663 GC heap after
{Heap after GC invocations=36 (full 20):
 garbage-first heap   total 270336K, used 78943K [0x00000000c0000000, 0x0000000100000000)
  region size 1024K, 0 young (0K), 0 survivors (0K)
 Metaspace       used 9783K, committed 10048K, reserved 1114112K
  class space    used 1481K, committed 1600K, reserved 1048576K
}
Event: 93.714 GC heap before
{Heap before GC invocations=36 (full 20):
 garbage-first heap   total 270336K, used 78943K [0x00000000c0000000, 0x0000000100000000)
  region size 1024K, 1 young (1024K), 0 survivors (0K)
 Metaspace       used 9783K, committed 10048K, reserved 1114112K
  class space    used 1481K, committed 1600K, reserved 1048576K
}
Event: 93.741 GC heap after
{Heap after GC invocations=37 (full 21):
 garbage-first heap   total 270336K, used 78943K [0x00000000c0000000, 0x0000000100000000)
  region size 1024K, 0 young (0K), 0 survivors (0K)
 Metaspace       used 9783K, committed 10048K, reserved 1114112K
  class space    used 1481K, committed 1600K, reserved 1048576K
}
Event: 93.743 GC heap before
{Heap before GC invocations=37 (full 21):
 garbage-first heap   total 270336K, used 78943K [0x00000000c0000000, 0x0000000100000000)
  region size 1024K, 1 young (1024K), 0 survivors (0K)
 Metaspace       used 9783K, committed 10048K, reserved 1114112K
  class space    used 1481K, committed 1600K, reserved 1048576K
}
Event: 93.770 GC heap after
{Heap after GC invocations=38 (full 22):
 garbage-first heap   total 270336K, used 78943K [0x00000000c0000000, 0x0000000100000000)
  region size 1024K, 0 young (0K), 0 survivors (0K)
 Metaspace       used 9783K, committed 10048K, reserved 1114112K
  class space    used 1481K, committed 1600K, reserved 1048576K
}
Event: 93.814 GC heap before
{Heap before GC invocations=38 (full 22):
 garbage-first heap   total 270336K, used 78943K [0x00000000c0000000, 0x0000000100000000)
  region size 1024K, 1 young (1024K), 0 survivors (0K)
 Metaspace       used 9783K, committed 10048K, reserved 1114112K
  class space    used 1481K, committed 1600K, reserved 1048576K
}
Event: 93.839 GC heap after
{Heap after GC invocations=39 (full 23):
 garbage-first heap   total 270336K, used 78943K [0x00000000c0000000, 0x0000000100000000)
  region size 1024K, 0 young (0K), 0 survivors (0K)
 Metaspace       used 9783K, committed 10048K, reserved 1114112K
  class space    used 1481K, committed 1600K, reserved 1048576K
}

