# JRE version: OpenJDK Runtime Environment Temurin-17.0.11+9 (17.0.11+9) (build 17.0.11+9)
# Java VM: OpenJDK 64-Bit Server VM Temurin-17.0.11+9 (17.0.11+9, mixed mode, sharing, tiered, compressed oops, compressed class ptrs, g1 gc, windows-amd64)
GC Precious Log:
 CPUs: 20 total, 20 available
 Memory: 32315M
 Large Page Support: Disabled
 NUMA Support: Disabled
 Compressed Oops: Enabled (32-bit)
 Heap Region Size: 1M
 Heap Min Capacity: 8M
 Heap Initial Capacity: 506M
 Heap Max Capacity: 1G
 Pre-touch: Disabled
 Parallel Workers: 15
 Concurrent Workers: 4
 Concurrent Refinement Workers: 15
 Periodic GC: Disabled
Heap:
 garbage-first heap   total 273408K, used 80173K [0x00000000c0000000, 0x0000000100000000)
  region size 1024K, 2 young (2048K), 0 survivors (0K)
 Metaspace       used 9771K, committed 9984K, reserved 1114112K
  class space    used 1482K, committed 1600K, reserved 1048576K
GC Heap History (20 events):
Event: 14.954 GC heap before
{Heap before GC invocations=45 (full 18):
 garbage-first heap   total 273408K, used 79150K [0x00000000c0000000, 0x0000000100000000)
  region size 1024K, 1 young (1024K), 0 survivors (0K)
 Metaspace       used 9755K, committed 9984K, reserved 1114112K
  class space    used 1481K, committed 1600K, reserved 1048576K
}
Event: 14.980 GC heap after
{Heap after GC invocations=46 (full 19):
 garbage-first heap   total 273408K, used 79150K [0x00000000c0000000, 0x0000000100000000)
  region size 1024K, 0 young (0K), 0 survivors (0K)
 Metaspace       used 9755K, committed 9984K, reserved 1114112K
  class space    used 1481K, committed 1600K, reserved 1048576K
}
Event: 15.114 GC heap before
{Heap before GC invocations=46 (full 19):
 garbage-first heap   total 273408K, used 79150K [0x00000000c0000000, 0x0000000100000000)
  region size 1024K, 1 young (1024K), 0 survivors (0K)
 Metaspace       used 9755K, committed 9984K, reserved 1114112K
  class space    used 1481K, committed 1600K, reserved 1048576K
}
Event: 15.139 GC heap after
{Heap after GC invocations=47 (full 20):
 garbage-first heap   total 273408K, used 79149K [0x00000000c0000000, 0x0000000100000000)
  region size 1024K, 0 young (0K), 0 survivors (0K)
 Metaspace       used 9755K, committed 9984K, reserved 1114112K
  class space    used 1481K, committed 1600K, reserved 1048576K
}
Event: 15.161 GC heap before
{Heap before GC invocations=47 (full 20):
 garbage-first heap   total 273408K, used 79149K [0x00000000c0000000, 0x0000000100000000)
  region size 1024K, 1 young (1024K), 0 survivors (0K)
 Metaspace       used 9755K, committed 9984K, reserved 1114112K
  class space    used 1481K, committed 1600K, reserved 1048576K
}
Event: 15.184 GC heap after
{Heap after GC invocations=48 (full 21):
 garbage-first heap   total 273408K, used 79150K [0x00000000c0000000, 0x0000000100000000)
  region size 1024K, 0 young (0K), 0 survivors (0K)
 Metaspace       used 9755K, committed 9984K, reserved 1114112K
  class space    used 1481K, committed 1600K, reserved 1048576K
}
Event: 15.230 GC heap before
{Heap before GC invocations=48 (full 21):
 garbage-first heap   total 273408K, used 79150K [0x00000000c0000000, 0x0000000100000000)
  region size 1024K, 1 young (1024K), 0 survivors (0K)
 Metaspace       used 9755K, committed 9984K, reserved 1114112K
  class space    used 1481K, committed 1600K, reserved 1048576K
}
Event: 15.258 GC heap after
{Heap after GC invocations=49 (full 22):
 garbage-first heap   total 273408K, used 79150K [0x00000000c0000000, 0x0000000100000000)
  region size 1024K, 0 young (0K), 0 survivors (0K)
 Metaspace       used 9755K, committed 9984K, reserved 1114112K
  class space    used 1481K, committed 1600K, reserved 1048576K
}
Event: 15.304 GC heap before
{Heap before GC invocations=49 (full 22):
 garbage-first heap   total 273408K, used 79150K [0x00000000c0000000, 0x0000000100000000)
  region size 1024K, 1 young (1024K), 0 survivors (0K)
 Metaspace       used 9755K, committed 9984K, reserved 1114112K
  class space    used 1481K, committed 1600K, reserved 1048576K
}
Event: 15.330 GC heap after
{Heap after GC invocations=50 (full 23):
 garbage-first heap   total 273408K, used 79150K [0x00000000c0000000, 0x0000000100000000)
  region size 1024K, 0 young (0K), 0 survivors (0K)
 Metaspace       used 9755K, committed 9984K, reserved 1114112K
  class space    used 1481K, committed 1600K, reserved 1048576K
}
Event: 15.546 GC heap before
{Heap before GC invocations=50 (full 23):
 garbage-first heap   total 273408K, used 79150K [0x00000000c0000000, 0x0000000100000000)
  region size 1024K, 1 young (1024K), 0 survivors (0K)
 Metaspace       used 9755K, committed 9984K, reserved 1114112K
  class space    used 1481K, committed 1600K, reserved 1048576K
}
Event: 15.572 GC heap after
{Heap after GC invocations=51 (full 24):
 garbage-first heap   total 273408K, used 79149K [0x00000000c0000000, 0x0000000100000000)
  region size 1024K, 0 young (0K), 0 survivors (0K)
 Metaspace       used 9755K, committed 9984K, reserved 1114112K
  class space    used 1481K, committed 1600K, reserved 1048576K
}
Event: 15.629 GC heap before
{Heap before GC invocations=51 (full 24):
 garbage-first heap   total 273408K, used 79149K [0x00000000c0000000, 0x0000000100000000)
  region size 1024K, 1 young (1024K), 0 survivors (0K)
 Metaspace       used 9755K, committed 9984K, reserved 1114112K
  class space    used 1481K, committed 1600K, reserved 1048576K
}
Event: 15.655 GC heap after
{Heap after GC invocations=52 (full 25):
 garbage-first heap   total 273408K, used 79149K [0x00000000c0000000, 0x0000000100000000)
  region size 1024K, 0 young (0K), 0 survivors (0K)
 Metaspace       used 9755K, committed 9984K, reserved 1114112K
  class space    used 1481K, committed 1600K, reserved 1048576K
}
Event: 15.657 GC heap before
{Heap before GC invocations=52 (full 25):
 garbage-first heap   total 273408K, used 79149K [0x00000000c0000000, 0x0000000100000000)
  region size 1024K, 1 young (1024K), 0 survivors (0K)
 Metaspace       used 9755K, committed 9984K, reserved 1114112K
  class space    used 1481K, committed 1600K, reserved 1048576K
}
Event: 15.682 GC heap after
{Heap after GC invocations=53 (full 26):
 garbage-first heap   total 273408K, used 79150K [0x00000000c0000000, 0x0000000100000000)
  region size 1024K, 0 young (0K), 0 survivors (0K)
 Metaspace       used 9755K, committed 9984K, reserved 1114112K
  class space    used 1481K, committed 1600K, reserved 1048576K
}
Event: 15.824 GC heap before
{Heap before GC invocations=53 (full 26):
 garbage-first heap   total 273408K, used 79150K [0x00000000c0000000, 0x0000000100000000)
  region size 1024K, 1 young (1024K), 0 survivors (0K)
 Metaspace       used 9755K, committed 9984K, reserved 1114112K
  class space    used 1481K, committed 1600K, reserved 1048576K
}
Event: 15.849 GC heap after
{Heap after GC invocations=54 (full 27):
 garbage-first heap   total 273408K, used 79149K [0x00000000c0000000, 0x0000000100000000)
  region size 1024K, 0 young (0K), 0 survivors (0K)
 Metaspace       used 9755K, committed 9984K, reserved 1114112K
  class space    used 1481K, committed 1600K, reserved 1048576K
}
Event: 73.323 GC heap before
{Heap before GC invocations=54 (full 27):
 garbage-first heap   total 273408K, used 79149K [0x00000000c0000000, 0x0000000100000000)
  region size 1024K, 1 young (1024K), 0 survivors (0K)
 Metaspace       used 9755K, committed 9984K, reserved 1114112K
  class space    used 1481K, committed 1600K, reserved 1048576K
}
Event: 73.356 GC heap after
{Heap after GC invocations=55 (full 28):
 garbage-first heap   total 273408K, used 79149K [0x00000000c0000000, 0x0000000100000000)
  region size 1024K, 0 young (0K), 0 survivors (0K)
 Metaspace       used 9755K, committed 9984K, reserved 1114112K
  class space    used 1481K, committed 1600K, reserved 1048576K
}

