# JRE version: OpenJDK Runtime Environment Temurin-17.0.11+9 (17.0.11+9) (build 17.0.11+9)
# Java VM: OpenJDK 64-Bit Server VM Temurin-17.0.11+9 (17.0.11+9, mixed mode, sharing, tiered, compressed oops, compressed class ptrs, g1 gc, windows-amd64)
GC Precious Log:
 CPUs: 20 total, 20 available
 Memory: 32315M
 Large Page Support: Disabled
 NUMA Support: Disabled
 Compressed Oops: Enabled (32-bit)
 Heap Region Size: 1M
 Heap Min Capacity: 8M
 Heap Initial Capacity: 506M
 Heap Max Capacity: 1G
 Pre-touch: Disabled
 Parallel Workers: 15
 Concurrent Workers: 4
 Concurrent Refinement Workers: 15
 Periodic GC: Disabled
Heap:
 garbage-first heap   total 235520K, used 80079K [0x00000000c0000000, 0x0000000100000000)
  region size 1024K, 2 young (2048K), 0 survivors (0K)
 Metaspace       used 9762K, committed 9984K, reserved 1114112K
  class space    used 1482K, committed 1600K, reserved 1048576K
GC Heap History (20 events):
Event: 124.372 GC heap before
{Heap before GC invocations=40 (full 14):
 garbage-first heap   total 235520K, used 104394K [0x00000000c0000000, 0x0000000100000000)
  region size 1024K, 34 young (34816K), 11 survivors (11264K)
 Metaspace       used 9484K, committed 9664K, reserved 1114112K
  class space    used 1449K, committed 1536K, reserved 1048576K
}
Event: 124.409 GC heap after
{Heap after GC invocations=41 (full 15):
 garbage-first heap   total 235520K, used 82910K [0x00000000c0000000, 0x0000000100000000)
  region size 1024K, 0 young (0K), 0 survivors (0K)
 Metaspace       used 9484K, committed 9664K, reserved 1114112K
  class space    used 1449K, committed 1536K, reserved 1048576K
}
Event: 132.839 GC heap before
{Heap before GC invocations=41 (full 15):
 garbage-first heap   total 235520K, used 97246K [0x00000000c0000000, 0x0000000100000000)
  region size 1024K, 15 young (15360K), 0 survivors (0K)
 Metaspace       used 9756K, committed 9984K, reserved 1114112K
  class space    used 1481K, committed 1600K, reserved 1048576K
}
Event: 132.870 GC heap after
{Heap after GC invocations=42 (full 16):
 garbage-first heap   total 235520K, used 79055K [0x00000000c0000000, 0x0000000100000000)
  region size 1024K, 0 young (0K), 0 survivors (0K)
 Metaspace       used 9756K, committed 9984K, reserved 1114112K
  class space    used 1481K, committed 1600K, reserved 1048576K
}
Event: 132.962 GC heap before
{Heap before GC invocations=42 (full 16):
 garbage-first heap   total 235520K, used 79055K [0x00000000c0000000, 0x0000000100000000)
  region size 1024K, 1 young (1024K), 0 survivors (0K)
 Metaspace       used 9756K, committed 9984K, reserved 1114112K
  class space    used 1481K, committed 1600K, reserved 1048576K
}
Event: 132.994 GC heap after
{Heap after GC invocations=43 (full 17):
 garbage-first heap   total 235520K, used 79055K [0x00000000c0000000, 0x0000000100000000)
  region size 1024K, 0 young (0K), 0 survivors (0K)
 Metaspace       used 9756K, committed 9984K, reserved 1114112K
  class space    used 1481K, committed 1600K, reserved 1048576K
}
Event: 132.996 GC heap before
{Heap before GC invocations=43 (full 17):
 garbage-first heap   total 235520K, used 79055K [0x00000000c0000000, 0x0000000100000000)
  region size 1024K, 1 young (1024K), 0 survivors (0K)
 Metaspace       used 9756K, committed 9984K, reserved 1114112K
  class space    used 1481K, committed 1600K, reserved 1048576K
}
Event: 133.027 GC heap after
{Heap after GC invocations=44 (full 18):
 garbage-first heap   total 235520K, used 79055K [0x00000000c0000000, 0x0000000100000000)
  region size 1024K, 0 young (0K), 0 survivors (0K)
 Metaspace       used 9756K, committed 9984K, reserved 1114112K
  class space    used 1481K, committed 1600K, reserved 1048576K
}
Event: 133.069 GC heap before
{Heap before GC invocations=44 (full 18):
 garbage-first heap   total 235520K, used 79055K [0x00000000c0000000, 0x0000000100000000)
  region size 1024K, 1 young (1024K), 0 survivors (0K)
 Metaspace       used 9756K, committed 9984K, reserved 1114112K
  class space    used 1481K, committed 1600K, reserved 1048576K
}
Event: 133.098 GC heap after
{Heap after GC invocations=45 (full 19):
 garbage-first heap   total 235520K, used 79055K [0x00000000c0000000, 0x0000000100000000)
  region size 1024K, 0 young (0K), 0 survivors (0K)
 Metaspace       used 9756K, committed 9984K, reserved 1114112K
  class space    used 1481K, committed 1600K, reserved 1048576K
}
Event: 133.225 GC heap before
{Heap before GC invocations=45 (full 19):
 garbage-first heap   total 235520K, used 79055K [0x00000000c0000000, 0x0000000100000000)
  region size 1024K, 1 young (1024K), 0 survivors (0K)
 Metaspace       used 9756K, committed 9984K, reserved 1114112K
  class space    used 1481K, committed 1600K, reserved 1048576K
}
Event: 133.255 GC heap after
{Heap after GC invocations=46 (full 20):
 garbage-first heap   total 235520K, used 79055K [0x00000000c0000000, 0x0000000100000000)
  region size 1024K, 0 young (0K), 0 survivors (0K)
 Metaspace       used 9756K, committed 9984K, reserved 1114112K
  class space    used 1481K, committed 1600K, reserved 1048576K
}
Event: 133.258 GC heap before
{Heap before GC invocations=46 (full 20):
 garbage-first heap   total 235520K, used 79055K [0x00000000c0000000, 0x0000000100000000)
  region size 1024K, 1 young (1024K), 0 survivors (0K)
 Metaspace       used 9756K, committed 9984K, reserved 1114112K
  class space    used 1481K, committed 1600K, reserved 1048576K
}
Event: 133.286 GC heap after
{Heap after GC invocations=47 (full 21):
 garbage-first heap   total 235520K, used 79055K [0x00000000c0000000, 0x0000000100000000)
  region size 1024K, 0 young (0K), 0 survivors (0K)
 Metaspace       used 9756K, committed 9984K, reserved 1114112K
  class space    used 1481K, committed 1600K, reserved 1048576K
}
Event: 133.516 GC heap before
{Heap before GC invocations=47 (full 21):
 garbage-first heap   total 235520K, used 79055K [0x00000000c0000000, 0x0000000100000000)
  region size 1024K, 1 young (1024K), 0 survivors (0K)
 Metaspace       used 9756K, committed 9984K, reserved 1114112K
  class space    used 1481K, committed 1600K, reserved 1048576K
}
Event: 133.545 GC heap after
{Heap after GC invocations=48 (full 22):
 garbage-first heap   total 235520K, used 79055K [0x00000000c0000000, 0x0000000100000000)
  region size 1024K, 0 young (0K), 0 survivors (0K)
 Metaspace       used 9756K, committed 9984K, reserved 1114112K
  class space    used 1481K, committed 1600K, reserved 1048576K
}
Event: 133.547 GC heap before
{Heap before GC invocations=48 (full 22):
 garbage-first heap   total 235520K, used 79055K [0x00000000c0000000, 0x0000000100000000)
  region size 1024K, 1 young (1024K), 0 survivors (0K)
 Metaspace       used 9756K, committed 9984K, reserved 1114112K
  class space    used 1481K, committed 1600K, reserved 1048576K
}
Event: 133.575 GC heap after
{Heap after GC invocations=49 (full 23):
 garbage-first heap   total 235520K, used 79055K [0x00000000c0000000, 0x0000000100000000)
  region size 1024K, 0 young (0K), 0 survivors (0K)
 Metaspace       used 9756K, committed 9984K, reserved 1114112K
  class space    used 1481K, committed 1600K, reserved 1048576K
}
Event: 133.622 GC heap before
{Heap before GC invocations=49 (full 23):
 garbage-first heap   total 235520K, used 79055K [0x00000000c0000000, 0x0000000100000000)
  region size 1024K, 1 young (1024K), 0 survivors (0K)
 Metaspace       used 9756K, committed 9984K, reserved 1114112K
  class space    used 1481K, committed 1600K, reserved 1048576K
}
Event: 133.655 GC heap after
{Heap after GC invocations=50 (full 24):
 garbage-first heap   total 235520K, used 79055K [0x00000000c0000000, 0x0000000100000000)
  region size 1024K, 0 young (0K), 0 survivors (0K)
 Metaspace       used 9756K, committed 9984K, reserved 1114112K
  class space    used 1481K, committed 1600K, reserved 1048576K
}

